s_mutants/ASR_AugAssign_mutant_1507055138.py\n')
wc -lcL output-source/output-gt1star-tail-30w/geraldoahnert-iq/bot/iqoptionapi/constants.py CompletedProcess(args='wc -lcL output-source/output-gt1star-tail-30w/geraldoahnert-iq/bot/iqoptionapi/constants.py', returncode=0, stdout='   3 5740 5672 output-source/output-gt1star-tail-30w/geraldoahnert-iq/bot/iqoptionapi/constants.py\n')
wc -lcL output-source/output-gt1star-tail-30w/tinggh-crnn_pytorch2tensorflow/model/keys.py CompletedProcess(args='wc -lcL output-source/output-gt1star-tail-30w/tinggh-crnn_pytorch2tensorflow/model/keys.py', returncode=0, stdout='    1 16414 10971 output-source/output-gt1star-tail-30w/tinggh-crnn_pytorch2tensorflow/model/keys.py\n')
wc -lcL output-source/output-gt1star-tail-30w/agroce-cbmcmutate/journal/pyfakefs_mutants/LOI_UnaryOp_mutant_1507055323.py CompletedProcess(args='wc -lcL output-source/output-gt1star-tail-30w/agroce-cbmcmutate/journal/pyfakefs_mutants/LOI_UnaryOp_mutant_1507055323.py', returncode=0, stdout='  4602 219325   2378 output-source/output-gt1star-tail-30w/agroce-cbmcmutate/journal/pyfakefs_mutants/LOI_UnaryOp_mutant_1507055323.py\n')
wc -lcL output-source/output-gt1star-tail-30w/agroce-cbmcmutate/journal/pyfakefs_mutants/AOR_BinOp_mutant_1507054873.py CompletedProcess(args='wc -lcL output-source/output-gt1star-tail-30w/agroce-cbmcmutate/journal/pyfakefs_mutants/AOR_BinOp_mutant_1507054873.py', returncode=0, stdout='  4602 219331   2378 output-source/output-gt1star-tail-30w/agroce-cbmcmutate/journal/pyfakefs_mutants/AOR_BinOp_mutant_1507054873.py\n')
wc -lcL output-source/output-gt1star-tail-30w/TimMcCool-TimMcBot/minigames/chess.py CompletedProcess(args='wc -lcL output-source/output-gt1star-tail-30w/TimMcCool-TimMcBot/minigames/chess.py', returncode=0, stdout='   4 1978 1894 output-source/output-gt1star-tail-30w/TimMcCool-TimMcBot/minigames/chess.py\n')
wc -lcL output-source/output-gt1star-tail-30w/agroce-cbmcmutate/journal/pyfakefs_mutants/LOI_UnaryOp_mutant_1507055287.py CompletedProcess(args='wc -lcL output-source/output-gt1star-tail-30w/agroce-cbmcmutate/journal/pyfakefs_mutants/LOI_UnaryOp_mutant_1507055287.py', returncode=0, stdout='  4602 219325   2378 output-source/output-gt1star-tail-30w/agroce-cbmcmutate/journal/pyfakefs_mutants/LOI_UnaryOp_mutant_1507055287.py\n')
wc -lcL output-source/output-gt1star-tail-30w/agroce-cbmcmutate/journal/pyfakefs_mutants/LOI_UnaryOp_mutant_1507055299.py CompletedProcess(args='wc -lcL output-source/output-gt1star-tail-30w/agroce-cbmcmutate/journal/pyfakefs_mutants/LOI_UnaryOp_mutant_1507055299.py', returncode=0, stdout='  4602 219325   2378 output-source/output-gt1star-tail-30w/agroce-cbmcmutate/journal/pyfakefs_mutants/LOI_UnaryOp_mutant_1507055299.py\n')
wc -lcL output-source/output-gt1star-tail-30w/agroce-cbmcmutate/journal/pyfakefs_mutants/LOI_BoolOp_mutant_1507055372.py CompletedProcess(args='wc -lcL output-source/output-gt1star-tail-30w/agroce-cbmcmutate/journal/pyfakefs_mutants/LOI_BoolOp_mutant_1507055372.py', returncode=0, stdout='  4602 219337   2378 output-source/output-gt1star-tail-30w/agroce-cbmcmutate/journal/pyfakefs_mutants/LOI_BoolOp_mutant_1507055372.py\n')
exception calling callback for <Future at 0x7f7151d4c9e8 state=finished returned list>
Traceback (most recent call last):
  File "/usr/local/lib/python3.6/site-packages/joblib/parallel.py", line 822, in dispatch_one_batch
    tasks = self._ready_batches.get(block=False)
  File "/usr/lib64/python3.6/queue.py", line 161, in get
    raise Empty
queue.Empty

During handling of the above exception, another exception occurred:

Traceback (most recent call last):
  File "/usr/local/lib/python3.6/site-packages/joblib/externals/loky/_base.py", line 625, in _invoke_callbacks
    callback(self)
  File "/usr/local/lib/python3.6/site-packages/joblib/parallel.py", line 359, in __call__
    self.parallel.dispatch_next()
  File "/usr/local/lib/python3.6/site-packages/joblib/parallel.py", line 794, in dispatch_next
    if not self.dispatch_one_batch(self._original_iterator):
  File "/usr/local/lib/python3.6/site-packages/joblib/parallel.py", line 833, in dispatch_one_batch
    islice = list(itertools.islice(iterator, big_batch_size))
  File "filter.py", line 62, in <genexpr>
    parallel(delayed(filter)(line) for line in f)
  File "/usr/lib64/python3.6/codecs.py", line 321, in decode
    (result, consumed) = self._buffer_decode(data, self.errors, final)
UnicodeDecodeError: 'utf-8' codec can't decode byte 0xfc in position 641: invalid start byte
wc -lcL output-source/output-gt1star-tail-30w/agroce-cbmcmutate/journal/pyfakefs_mutants/AOR_BinOp_mutant_1507054828.py CompletedProcess(args='wc -lcL output-source/output-gt1star-tail-30w/agroce-cbmcmutate/journal/pyfakefs_mutants/AOR_BinOp_mutant_1507054828.py', returncode=0, stdout='  4602 219331   2378 output-source/output-gt1star-tail-30w/agroce-cbmcmutate/journal/pyfakefs_mutants/AOR_BinOp_mutant_1507054828.py\n')
wc -lcL output-source/output-gt1star-tail-30w/agroce-cbmcmutate/journal/pyfakefs_mutants/LCR_BoolOp_mutant_1507055540.py CompletedProcess(args='wc -lcL output-source/output-gt1star-tail-30w/agroce-cbmcmutate/journal/pyfakefs_mutants/LCR_BoolOp_mutant_1507055540.py', returncode=0, stdout='  4602 219330   2378 output-source/output-gt1star-tail-30w/agroce-cbmcmutate/journal/pyfakefs_mutants/LCR_BoolOp_mutant_1507055540.py\n')
wc -lcL output-source/output-gt1star-tail-30w/agroce-cbmcmutate/journal/pyfakefs_mutants/AOR_BinOp_mutant_1507054849.py CompletedProcess(args='wc -lcL output-source/output-gt1star-tail-30w/agroce-cbmcmutate/journal/pyfakefs_mutants/AOR_BinOp_mutant_1507054849.py', returncode=0, stdout='  4602 219332   2378 output-source/output-gt1star-tail-30w/agroce-cbmcmutate/journal/pyfakefs_mutants/AOR_BinOp_mutant_1507054849.py\n')
wc -lcL output-source/output-gt1star-tail-30w/gerald-liu-comp3211/pacman-hw2/submission_autograder.py CompletedProcess(args='wc -lcL output-source/output-gt1star-tail-30w/gerald-liu-comp3211/pacman-hw2/submission_autograder.py', returncode=0, stdout='  41 9390 7986 output-source/output-gt1star-tail-30w/gerald-liu-comp3211/pacman-hw2/submission_autograder.py\n')
wc -lcL output-source/output-gt1star-tail-30w/agroce-cbmcmutate/journal/pyfakefs_mutants/LOD_UnaryOp_mutant_1507055171.py CompletedProcess(args='wc -lcL output-source/output-gt1star-tail-30w/agroce-cbmcmutate/journal/pyfakefs_mutants/LOD_UnaryOp_mutant_1507055171.py', returncode=0, stdout='  4602 219325   2378 output-source/output-gt1star-tail-30w/agroce-cbmcmutate/journal/pyfakefs_mutants/LOD_UnaryOp_mutant_1507055171.py\n')
wc -lcL output-source/output-gt1star-tail-30w/agroce-cbmcmutate/journal/pyfakefs_mutants/AOR_BinOp_mutant_1507055016.py CompletedProcess(args='wc -lcL output-source/output-gt1star-tail-30w/agroce-cbmcmutate/journal/pyfakefs_mutants/AOR_BinOp_mutant_1507055016.py', returncode=0, stdout='  4602 219332   2378 output-source/output-gt1star-tail-30w/agroce-cbmcmutate/journal/pyfakefs_mutants/AOR_BinOp_mutant_1507055016.py\n')
wc -lcL output-source/output-gt1star-tail-30w/agroce-cbmcmutate/journal/pyfakefs_mutants/AOR_BinOp_mutant_1507054936.py CompletedProcess(args='wc -lcL output-source/output-gt1star-tail-30w/agroce-cbmcmutate/journal/pyfakefs_mutants/AOR_BinOp_mutant_1507054936.py', returncode=0, stdout='  4602 219332   2378 output-source/output-gt1star-tail-30w/agroce-cbmcmutate/journal/pyfakefs_mutants/AOR_BinOp_mutant_1507054936.py\n')
